version: (200506)

available memory: 64M bytes
used memory: 409600 bytes [need 400K bytes if disable swap]

used block: 15 [memory(15) file(0)]
                 [ 8K(10) 64K(5) { total 400K bytes } ]
overhead: (9538) bytes for (15) blocks [Average: (635) bytes/block]

write  => 0(times) 0K(bytes) [0K bytes to file]
read   => 5(times) 70K(bytes) [14K bytes compressed data from file]
access => 446482(times) 3510M(bytes)
          [hit ratio: 99.9989%]

time: write(0) read(0)  unit: second

swap file directory: (/home/ysyoon/PROJECT/FPU_IEEE-754/Tensor_Core/sim_fp16/verdiLog)
used swap file number: (6)



swap file manager:
arrSize: (256)
idxCnt: (7)
closeHead: (1)
closeTail: (6)
openCnt: (1)
fid(6): fd(0) fileName(NULL)
	mode(rb)	hot(5) cool(0) pos(0)
fid(5): fd(0) fileName(NULL)
	mode(rb)	hot(4) cool(6) pos(0)
fid(4): fd(0) fileName(NULL)
	mode(rb)	hot(3) cool(5) pos(0)
fid(3): fd(0) fileName(NULL)
	mode(rb)	hot(1) cool(4) pos(0)
fid(2): fd(26) fileName(/home/ysyoon/PROJECT/FPU_IEEE-754/Tensor_Core/sim_fp16/verdiLog/_swap_0001#-2069547666#353542)
	size(0) lastModTime(0) curModTime(1736149283)
	mode(w+b)	hot(3) cool(1) pos(0)
fid(1): fd(0) fileName(NULL)
	mode(rb)	hot(2) cool(3) pos(0)
fid(0): fd(0) fileName(NULL)
	mode(NULL)	hot(0) cool(0) pos(0)
Swap system is reset at (Mon Jan  6 20:50:35 2025
)
version: (200506)

available memory: 64M bytes
used memory: 589824 bytes [need 400K bytes if disable swap]

used block: 23 [memory(23) file(0)]
                 [ 8K(16) 64K(7) { total 576K bytes } ]
overhead: (9538) bytes for (23) blocks [Average: (414) bytes/block]

write  => 0(times) 0K(bytes) [0K bytes to file]
read   => 7(times) 102K(bytes) [20K bytes compressed data from file]
access => 1364761(times) 10698M(bytes)
          [hit ratio: 99.9995%]

time: write(0) read(0)  unit: second

swap file directory: (/home/ysyoon/PROJECT/FPU_IEEE-754/Tensor_Core/sim_fp16/verdiLog)
used swap file number: (9)



swap file manager:
arrSize: (256)
idxCnt: (10)
closeHead: (7)
closeTail: (9)
openCnt: (3)
fid(9): fd(1073741825) fileName(/home/ysyoon/PROJECT/FPU_IEEE-754/Tensor_Core/sim_fp16/simv.daidir/kdb.elab++/work.lib++/tensor_core_mma.v.tdc)
	size(5937) lastModTime(1736164069) curModTime(1736164069)
	mode(rb)	hot(0) cool(8) pos(0)
fid(8): fd(42) fileName(/home/ysyoon/PROJECT/FPU_IEEE-754/Tensor_Core/sim_fp16/verdiLog/_swap_0001#-2069547666#353542)
	size(0) lastModTime(0) curModTime(1736164235)
	mode(w+b)	hot(9) cool(7) pos(0)
fid(7): fd(1073741824) fileName(/home/ysyoon/PROJECT/FPU_IEEE-754/Tensor_Core/sim_fp16/simv.daidir/kdb.elab++/work.lib++/fp16_mul.v.tdc)
	size(4668) lastModTime(1736164069) curModTime(1736164069)
	mode(rb)	hot(8) cool(0) pos(0)
fid(6): fd(0) fileName(NULL)
	mode(NULL)	hot(0) cool(0) pos(0)
fid(5): fd(0) fileName(NULL)
	mode(NULL)	hot(0) cool(0) pos(0)
fid(4): fd(0) fileName(NULL)
	mode(NULL)	hot(0) cool(0) pos(0)
fid(3): fd(0) fileName(NULL)
	mode(NULL)	hot(0) cool(0) pos(0)
fid(2): fd(0) fileName(NULL)
	mode(NULL)	hot(0) cool(0) pos(0)
fid(1): fd(0) fileName(NULL)
	mode(NULL)	hot(0) cool(0) pos(0)
fid(0): fd(0) fileName(NULL)
	mode(NULL)	hot(0) cool(0) pos(0)
==================================================
mySelf(0x19ea1b70) pre(0x1a7e09d0) next((nil))
version(200506)
date(Aug 13 2023 07:34:34)
