version: (200506)

available memory: 64M bytes
used memory: 172032 bytes [need 168K bytes if disable swap]

used block: 7 [memory(7) file(0)]
                 [ 8K(5) 64K(2) { total 168K bytes } ]
overhead: (9538) bytes for (7) blocks [Average: (1362) bytes/block]

write  => 0(times) 0K(bytes) [0K bytes to file]
read   => 2(times) 27K(bytes) [5K bytes compressed data from file]
access => 609405(times) 4772M(bytes)
          [hit ratio: 99.9997%]

time: write(0) read(0)  unit: second

swap file directory: (/home/ysyoon/nfs/PROJECT/Floating-Point-ALU-in-Verilog/Addition_and_Subtraction/sim/verdiLog)
used swap file number: (3)



swap file manager:
arrSize: (256)
idxCnt: (4)
closeHead: (1)
closeTail: (3)
openCnt: (1)
fid(3): fd(0) fileName(NULL)
	mode(rb)	hot(1) cool(0) pos(0)
fid(2): fd(26) fileName(/home/ysyoon/nfs/PROJECT/Floating-Point-ALU-in-Verilog/Addition_and_Subtraction/sim/verdiLog/_swap_0001#-2069547666#1671787)
	size(0) lastModTime(0) curModTime(1733887658)
	mode(w+b)	hot(3) cool(1) pos(0)
fid(1): fd(0) fileName(NULL)
	mode(rb)	hot(2) cool(3) pos(0)
fid(0): fd(0) fileName(NULL)
	mode(NULL)	hot(0) cool(0) pos(0)
Swap system is reset at (Wed Dec 11 12:39:50 2024
)
version: (200506)

available memory: 64M bytes
used memory: 262144 bytes [need 168K bytes if disable swap]

used block: 11 [memory(11) file(0)]
                 [ 8K(8) 64K(3) { total 256K bytes } ]
overhead: (9538) bytes for (11) blocks [Average: (867) bytes/block]

write  => 0(times) 0K(bytes) [0K bytes to file]
read   => 3(times) 44K(bytes) [9K bytes compressed data from file]
access => 679198(times) 5324M(bytes)
          [hit ratio: 99.9996%]

time: write(0) read(0)  unit: second

swap file directory: (/home/ysyoon/nfs/PROJECT/Floating-Point-ALU-in-Verilog/Addition_and_Subtraction/sim/verdiLog)
used swap file number: (4)



swap file manager:
arrSize: (256)
idxCnt: (6)
closeHead: (4)
closeTail: (5)
openCnt: (1)
fid(5): fd(42) fileName(/home/ysyoon/nfs/PROJECT/Floating-Point-ALU-in-Verilog/Addition_and_Subtraction/sim/verdiLog/_swap_0001#-2069547666#1671787)
	size(0) lastModTime(0) curModTime(1733888391)
	mode(w+b)	hot(0) cool(4) pos(0)
fid(4): fd(0) fileName(NULL)
	mode(rb)	hot(5) cool(0) pos(0)
fid(3): fd(0) fileName(NULL)
	mode(NULL)	hot(0) cool(0) pos(0)
fid(2): fd(0) fileName(NULL)
	mode(NULL)	hot(0) cool(0) pos(0)
fid(1): fd(0) fileName(NULL)
	mode(NULL)	hot(0) cool(0) pos(0)
fid(0): fd(0) fileName(NULL)
	mode(NULL)	hot(0) cool(0) pos(0)
Swap system is reset at (Wed Dec 11 13:02:02 2024
)
version: (200506)

available memory: 64M bytes
used memory: 352256 bytes [need 168K bytes if disable swap]

used block: 15 [memory(15) file(0)]
                 [ 8K(11) 64K(4) { total 344K bytes } ]
overhead: (9538) bytes for (15) blocks [Average: (635) bytes/block]

write  => 0(times) 0K(bytes) [0K bytes to file]
read   => 4(times) 61K(bytes) [13K bytes compressed data from file]
access => 738453(times) 5795M(bytes)
          [hit ratio: 99.9995%]

time: write(0) read(0)  unit: second

swap file directory: (/home/ysyoon/nfs/PROJECT/Floating-Point-ALU-in-Verilog/Addition_and_Subtraction/sim/verdiLog)
used swap file number: (6)



swap file manager:
arrSize: (256)
idxCnt: (8)
closeHead: (6)
closeTail: (7)
openCnt: (1)
fid(7): fd(41) fileName(/home/ysyoon/nfs/PROJECT/Floating-Point-ALU-in-Verilog/Addition_and_Subtraction/sim/verdiLog/_swap_0001#-2069547666#1671787)
	size(0) lastModTime(0) curModTime(1733889722)
	mode(w+b)	hot(0) cool(6) pos(0)
fid(6): fd(0) fileName(NULL)
	mode(rb)	hot(7) cool(0) pos(0)
fid(5): fd(0) fileName(NULL)
	mode(NULL)	hot(0) cool(0) pos(0)
fid(4): fd(0) fileName(NULL)
	mode(NULL)	hot(0) cool(0) pos(0)
fid(3): fd(0) fileName(NULL)
	mode(NULL)	hot(0) cool(0) pos(0)
fid(2): fd(0) fileName(NULL)
	mode(NULL)	hot(0) cool(0) pos(0)
fid(1): fd(0) fileName(NULL)
	mode(NULL)	hot(0) cool(0) pos(0)
fid(0): fd(0) fileName(NULL)
	mode(NULL)	hot(0) cool(0) pos(0)
Swap system is reset at (Wed Dec 11 13:04:20 2024
)
version: (200506)

available memory: 64M bytes
used memory: 442368 bytes [need 168K bytes if disable swap]

used block: 19 [memory(19) file(0)]
                 [ 8K(14) 64K(5) { total 432K bytes } ]
overhead: (9538) bytes for (19) blocks [Average: (502) bytes/block]

write  => 0(times) 0K(bytes) [0K bytes to file]
read   => 5(times) 78K(bytes) [16K bytes compressed data from file]
access => 805313(times) 6324M(bytes)
          [hit ratio: 99.9994%]

time: write(0) read(0)  unit: second

swap file directory: (/home/ysyoon/nfs/PROJECT/Floating-Point-ALU-in-Verilog/Addition_and_Subtraction/sim/verdiLog)
used swap file number: (8)



swap file manager:
arrSize: (256)
idxCnt: (10)
closeHead: (8)
closeTail: (9)
openCnt: (1)
fid(9): fd(40) fileName(/home/ysyoon/nfs/PROJECT/Floating-Point-ALU-in-Verilog/Addition_and_Subtraction/sim/verdiLog/_swap_0001#-2069547666#1671787)
	size(0) lastModTime(0) curModTime(1733889860)
	mode(w+b)	hot(0) cool(8) pos(0)
fid(8): fd(0) fileName(NULL)
	mode(rb)	hot(9) cool(0) pos(0)
fid(7): fd(0) fileName(NULL)
	mode(NULL)	hot(0) cool(0) pos(0)
fid(6): fd(0) fileName(NULL)
	mode(NULL)	hot(0) cool(0) pos(0)
fid(5): fd(0) fileName(NULL)
	mode(NULL)	hot(0) cool(0) pos(0)
fid(4): fd(0) fileName(NULL)
	mode(NULL)	hot(0) cool(0) pos(0)
fid(3): fd(0) fileName(NULL)
	mode(NULL)	hot(0) cool(0) pos(0)
fid(2): fd(0) fileName(NULL)
	mode(NULL)	hot(0) cool(0) pos(0)
fid(1): fd(0) fileName(NULL)
	mode(NULL)	hot(0) cool(0) pos(0)
fid(0): fd(0) fileName(NULL)
	mode(NULL)	hot(0) cool(0) pos(0)
Swap system is reset at (Wed Dec 11 14:08:55 2024
)
version: (200506)

available memory: 64M bytes
used memory: 540672 bytes [need 168K bytes if disable swap]

used block: 24 [memory(24) file(0)]
                 [ 8K(18) 64K(6) { total 528K bytes } ]
overhead: (9538) bytes for (24) blocks [Average: (397) bytes/block]

write  => 0(times) 0K(bytes) [0K bytes to file]
read   => 6(times) 98K(bytes) [20K bytes compressed data from file]
access => 890347(times) 6997M(bytes)
          [hit ratio: 99.9993%]

time: write(0) read(0)  unit: second

swap file directory: (/home/ysyoon/nfs/PROJECT/Floating-Point-ALU-in-Verilog/Addition_and_Subtraction/sim/verdiLog)
used swap file number: (10)



swap file manager:
arrSize: (256)
idxCnt: (12)
closeHead: (10)
closeTail: (11)
openCnt: (1)
fid(11): fd(40) fileName(/home/ysyoon/nfs/PROJECT/Floating-Point-ALU-in-Verilog/Addition_and_Subtraction/sim/verdiLog/_swap_0001#-2069547666#1671787)
	size(0) lastModTime(0) curModTime(1733893735)
	mode(w+b)	hot(0) cool(10) pos(0)
fid(10): fd(0) fileName(NULL)
	mode(rb)	hot(11) cool(0) pos(0)
fid(9): fd(0) fileName(NULL)
	mode(NULL)	hot(0) cool(0) pos(0)
fid(8): fd(0) fileName(NULL)
	mode(NULL)	hot(0) cool(0) pos(0)
fid(7): fd(0) fileName(NULL)
	mode(NULL)	hot(0) cool(0) pos(0)
fid(6): fd(0) fileName(NULL)
	mode(NULL)	hot(0) cool(0) pos(0)
fid(5): fd(0) fileName(NULL)
	mode(NULL)	hot(0) cool(0) pos(0)
fid(4): fd(0) fileName(NULL)
	mode(NULL)	hot(0) cool(0) pos(0)
fid(3): fd(0) fileName(NULL)
	mode(NULL)	hot(0) cool(0) pos(0)
fid(2): fd(0) fileName(NULL)
	mode(NULL)	hot(0) cool(0) pos(0)
fid(1): fd(0) fileName(NULL)
	mode(NULL)	hot(0) cool(0) pos(0)
fid(0): fd(0) fileName(NULL)
	mode(NULL)	hot(0) cool(0) pos(0)
Swap system is reset at (Wed Dec 11 14:17:27 2024
)
version: (200506)

available memory: 64M bytes
used memory: 638976 bytes [need 168K bytes if disable swap]

used block: 29 [memory(29) file(0)]
                 [ 8K(22) 64K(7) { total 624K bytes } ]
overhead: (9538) bytes for (29) blocks [Average: (328) bytes/block]

write  => 0(times) 0K(bytes) [0K bytes to file]
read   => 7(times) 117K(bytes) [25K bytes compressed data from file]
access => 976873(times) 7681M(bytes)
          [hit ratio: 99.9993%]

time: write(0) read(0)  unit: second

swap file directory: (/home/ysyoon/nfs/PROJECT/Floating-Point-ALU-in-Verilog/Addition_and_Subtraction/sim/verdiLog)
used swap file number: (12)



swap file manager:
arrSize: (256)
idxCnt: (14)
closeHead: (12)
closeTail: (13)
openCnt: (1)
fid(13): fd(40) fileName(/home/ysyoon/nfs/PROJECT/Floating-Point-ALU-in-Verilog/Addition_and_Subtraction/sim/verdiLog/_swap_0001#-2069547666#1671787)
	size(0) lastModTime(0) curModTime(1733894247)
	mode(w+b)	hot(0) cool(12) pos(0)
fid(12): fd(0) fileName(NULL)
	mode(rb)	hot(13) cool(0) pos(0)
fid(11): fd(0) fileName(NULL)
	mode(NULL)	hot(0) cool(0) pos(0)
fid(10): fd(0) fileName(NULL)
	mode(NULL)	hot(0) cool(0) pos(0)
fid(9): fd(0) fileName(NULL)
	mode(NULL)	hot(0) cool(0) pos(0)
fid(8): fd(0) fileName(NULL)
	mode(NULL)	hot(0) cool(0) pos(0)
fid(7): fd(0) fileName(NULL)
	mode(NULL)	hot(0) cool(0) pos(0)
fid(6): fd(0) fileName(NULL)
	mode(NULL)	hot(0) cool(0) pos(0)
fid(5): fd(0) fileName(NULL)
	mode(NULL)	hot(0) cool(0) pos(0)
fid(4): fd(0) fileName(NULL)
	mode(NULL)	hot(0) cool(0) pos(0)
fid(3): fd(0) fileName(NULL)
	mode(NULL)	hot(0) cool(0) pos(0)
fid(2): fd(0) fileName(NULL)
	mode(NULL)	hot(0) cool(0) pos(0)
fid(1): fd(0) fileName(NULL)
	mode(NULL)	hot(0) cool(0) pos(0)
fid(0): fd(0) fileName(NULL)
	mode(NULL)	hot(0) cool(0) pos(0)
Swap system is reset at (Wed Dec 11 14:24:20 2024
)
version: (200506)

available memory: 64M bytes
used memory: 737280 bytes [need 168K bytes if disable swap]

used block: 34 [memory(34) file(0)]
                 [ 8K(26) 64K(8) { total 720K bytes } ]
overhead: (9538) bytes for (34) blocks [Average: (280) bytes/block]

write  => 0(times) 0K(bytes) [0K bytes to file]
read   => 8(times) 137K(bytes) [29K bytes compressed data from file]
access => 1042067(times) 8198M(bytes)
          [hit ratio: 99.9992%]

time: write(0) read(0)  unit: second

swap file directory: (/home/ysyoon/nfs/PROJECT/Floating-Point-ALU-in-Verilog/Addition_and_Subtraction/sim/verdiLog)
used swap file number: (14)



swap file manager:
arrSize: (256)
idxCnt: (16)
closeHead: (14)
closeTail: (15)
openCnt: (1)
fid(15): fd(40) fileName(/home/ysyoon/nfs/PROJECT/Floating-Point-ALU-in-Verilog/Addition_and_Subtraction/sim/verdiLog/_swap_0001#-2069547666#1671787)
	size(0) lastModTime(0) curModTime(1733894660)
	mode(w+b)	hot(0) cool(14) pos(0)
fid(14): fd(0) fileName(NULL)
	mode(rb)	hot(15) cool(0) pos(0)
fid(13): fd(0) fileName(NULL)
	mode(NULL)	hot(0) cool(0) pos(0)
fid(12): fd(0) fileName(NULL)
	mode(NULL)	hot(0) cool(0) pos(0)
fid(11): fd(0) fileName(NULL)
	mode(NULL)	hot(0) cool(0) pos(0)
fid(10): fd(0) fileName(NULL)
	mode(NULL)	hot(0) cool(0) pos(0)
fid(9): fd(0) fileName(NULL)
	mode(NULL)	hot(0) cool(0) pos(0)
fid(8): fd(0) fileName(NULL)
	mode(NULL)	hot(0) cool(0) pos(0)
fid(7): fd(0) fileName(NULL)
	mode(NULL)	hot(0) cool(0) pos(0)
fid(6): fd(0) fileName(NULL)
	mode(NULL)	hot(0) cool(0) pos(0)
fid(5): fd(0) fileName(NULL)
	mode(NULL)	hot(0) cool(0) pos(0)
fid(4): fd(0) fileName(NULL)
	mode(NULL)	hot(0) cool(0) pos(0)
fid(3): fd(0) fileName(NULL)
	mode(NULL)	hot(0) cool(0) pos(0)
fid(2): fd(0) fileName(NULL)
	mode(NULL)	hot(0) cool(0) pos(0)
fid(1): fd(0) fileName(NULL)
	mode(NULL)	hot(0) cool(0) pos(0)
fid(0): fd(0) fileName(NULL)
	mode(NULL)	hot(0) cool(0) pos(0)
Swap system is reset at (Wed Dec 11 14:32:23 2024
)
version: (200506)

available memory: 64M bytes
used memory: 835584 bytes [need 168K bytes if disable swap]

used block: 39 [memory(39) file(0)]
                 [ 8K(30) 64K(9) { total 816K bytes } ]
overhead: (9538) bytes for (39) blocks [Average: (244) bytes/block]

write  => 0(times) 0K(bytes) [0K bytes to file]
read   => 9(times) 157K(bytes) [33K bytes compressed data from file]
access => 1103185(times) 8684M(bytes)
          [hit ratio: 99.9992%]

time: write(0) read(0)  unit: second

swap file directory: (/home/ysyoon/nfs/PROJECT/Floating-Point-ALU-in-Verilog/Addition_and_Subtraction/sim/verdiLog)
used swap file number: (16)



swap file manager:
arrSize: (256)
idxCnt: (18)
closeHead: (16)
closeTail: (17)
openCnt: (2)
fid(17): fd(40) fileName(/home/ysyoon/nfs/PROJECT/Floating-Point-ALU-in-Verilog/Addition_and_Subtraction/sim/verdiLog/_swap_0001#-2069547666#1671787)
	size(0) lastModTime(0) curModTime(1733895144)
	mode(w+b)	hot(0) cool(16) pos(0)
fid(16): fd(1073741824) fileName(/home/ysyoon/nfs/PROJECT/Floating-Point-ALU-in-Verilog/Addition_and_Subtraction/sim/simv.daidir/kdb.elab++/work.lib++/fp32_add.v.tdc)
	size(6358) lastModTime(1733894887) curModTime(1733894887)
	mode(rb)	hot(17) cool(0) pos(0)
fid(15): fd(0) fileName(NULL)
	mode(NULL)	hot(0) cool(0) pos(0)
fid(14): fd(0) fileName(NULL)
	mode(NULL)	hot(0) cool(0) pos(0)
fid(13): fd(0) fileName(NULL)
	mode(NULL)	hot(0) cool(0) pos(0)
fid(12): fd(0) fileName(NULL)
	mode(NULL)	hot(0) cool(0) pos(0)
fid(11): fd(0) fileName(NULL)
	mode(NULL)	hot(0) cool(0) pos(0)
fid(10): fd(0) fileName(NULL)
	mode(NULL)	hot(0) cool(0) pos(0)
fid(9): fd(0) fileName(NULL)
	mode(NULL)	hot(0) cool(0) pos(0)
fid(8): fd(0) fileName(NULL)
	mode(NULL)	hot(0) cool(0) pos(0)
fid(7): fd(0) fileName(NULL)
	mode(NULL)	hot(0) cool(0) pos(0)
fid(6): fd(0) fileName(NULL)
	mode(NULL)	hot(0) cool(0) pos(0)
fid(5): fd(0) fileName(NULL)
	mode(NULL)	hot(0) cool(0) pos(0)
fid(4): fd(0) fileName(NULL)
	mode(NULL)	hot(0) cool(0) pos(0)
fid(3): fd(0) fileName(NULL)
	mode(NULL)	hot(0) cool(0) pos(0)
fid(2): fd(0) fileName(NULL)
	mode(NULL)	hot(0) cool(0) pos(0)
fid(1): fd(0) fileName(NULL)
	mode(NULL)	hot(0) cool(0) pos(0)
fid(0): fd(0) fileName(NULL)
	mode(NULL)	hot(0) cool(0) pos(0)
==================================================
mySelf(0x24d298d0) pre(0x1b228cc0) next((nil))
version(200506)
date(Aug 13 2023 07:34:34)
