version: (200506)

available memory: 64M bytes
used memory: 163840 bytes [need 160K bytes if disable swap]

used block: 6 [memory(6) file(0)]
                 [ 8K(4) 64K(2) { total 160K bytes } ]
overhead: (9538) bytes for (6) blocks [Average: (1589) bytes/block]

write  => 0(times) 0K(bytes) [0K bytes to file]
read   => 2(times) 18K(bytes) [4K bytes compressed data from file]
access => 575671(times) 4505M(bytes)
          [hit ratio: 99.9997%]

time: write(0) read(0)  unit: second

swap file directory: (/home/ysyoon/nfs/PROJECT/Floating-Point-ALU-in-Verilog/Multiplication/sim/verdiLog)
used swap file number: (3)



swap file manager:
arrSize: (256)
idxCnt: (4)
closeHead: (1)
closeTail: (3)
openCnt: (1)
fid(3): fd(0) fileName(NULL)
	mode(rb)	hot(1) cool(0) pos(0)
fid(2): fd(26) fileName(/home/ysyoon/nfs/PROJECT/Floating-Point-ALU-in-Verilog/Multiplication/sim/verdiLog/_swap_0001#-2069547666#1264789)
	size(0) lastModTime(0) curModTime(1733810865)
	mode(w+b)	hot(3) cool(1) pos(0)
fid(1): fd(0) fileName(NULL)
	mode(rb)	hot(2) cool(3) pos(0)
fid(0): fd(0) fileName(NULL)
	mode(NULL)	hot(0) cool(0) pos(0)
Swap system is reset at (Tue Dec 10 17:59:41 2024
)
version: (200506)

available memory: 64M bytes
used memory: 253952 bytes [need 160K bytes if disable swap]

used block: 10 [memory(10) file(0)]
                 [ 8K(7) 64K(3) { total 248K bytes } ]
overhead: (9538) bytes for (10) blocks [Average: (953) bytes/block]

write  => 0(times) 0K(bytes) [0K bytes to file]
read   => 3(times) 30K(bytes) [6K bytes compressed data from file]
access => 714657(times) 5595M(bytes)
          [hit ratio: 99.9996%]

time: write(0) read(0)  unit: second

swap file directory: (/home/ysyoon/nfs/PROJECT/Floating-Point-ALU-in-Verilog/Multiplication/sim/verdiLog)
used swap file number: (4)



swap file manager:
arrSize: (256)
idxCnt: (6)
closeHead: (4)
closeTail: (5)
openCnt: (1)
fid(5): fd(42) fileName(/home/ysyoon/nfs/PROJECT/Floating-Point-ALU-in-Verilog/Multiplication/sim/verdiLog/_swap_0001#-2069547666#1264789)
	size(0) lastModTime(0) curModTime(1733821183)
	mode(w+b)	hot(0) cool(4) pos(0)
fid(4): fd(0) fileName(NULL)
	mode(rb)	hot(5) cool(0) pos(0)
fid(3): fd(0) fileName(NULL)
	mode(NULL)	hot(0) cool(0) pos(0)
fid(2): fd(0) fileName(NULL)
	mode(NULL)	hot(0) cool(0) pos(0)
fid(1): fd(0) fileName(NULL)
	mode(NULL)	hot(0) cool(0) pos(0)
fid(0): fd(0) fileName(NULL)
	mode(NULL)	hot(0) cool(0) pos(0)
Swap system is reset at (Wed Dec 11 04:54:59 2024
)
version: (200506)

available memory: 64M bytes
used memory: 344064 bytes [need 160K bytes if disable swap]

used block: 14 [memory(14) file(0)]
                 [ 8K(10) 64K(4) { total 336K bytes } ]
overhead: (9538) bytes for (14) blocks [Average: (681) bytes/block]

write  => 0(times) 0K(bytes) [0K bytes to file]
read   => 4(times) 44K(bytes) [9K bytes compressed data from file]
access => 781256(times) 6120M(bytes)
          [hit ratio: 99.9995%]

time: write(0) read(0)  unit: second

swap file directory: (/home/ysyoon/nfs/PROJECT/Floating-Point-ALU-in-Verilog/Multiplication/sim/verdiLog)
used swap file number: (6)



swap file manager:
arrSize: (256)
idxCnt: (8)
closeHead: (6)
closeTail: (7)
openCnt: (2)
fid(7): fd(41) fileName(/home/ysyoon/nfs/PROJECT/Floating-Point-ALU-in-Verilog/Multiplication/sim/verdiLog/_swap_0001#-2069547666#1264789)
	size(0) lastModTime(0) curModTime(1733860499)
	mode(w+b)	hot(0) cool(6) pos(0)
fid(6): fd(1073741824) fileName(/home/ysyoon/nfs/PROJECT/Floating-Point-ALU-in-Verilog/Multiplication/sim/simv.daidir/kdb.elab++/work.lib++/fp32_mul.v.tdc)
	size(4447) lastModTime(1733860474) curModTime(1733860474)
	mode(rb)	hot(7) cool(0) pos(0)
fid(5): fd(0) fileName(NULL)
	mode(NULL)	hot(0) cool(0) pos(0)
fid(4): fd(0) fileName(NULL)
	mode(NULL)	hot(0) cool(0) pos(0)
fid(3): fd(0) fileName(NULL)
	mode(NULL)	hot(0) cool(0) pos(0)
fid(2): fd(0) fileName(NULL)
	mode(NULL)	hot(0) cool(0) pos(0)
fid(1): fd(0) fileName(NULL)
	mode(NULL)	hot(0) cool(0) pos(0)
fid(0): fd(0) fileName(NULL)
	mode(NULL)	hot(0) cool(0) pos(0)
==================================================
mySelf(0x225e1a80) pre(0x1a2b9880) next((nil))
version(200506)
date(Aug 13 2023 07:34:34)
